Build started 12/1/2015 9:34:21 AM.
     1>Project "C:\Users\kevin.moore\Documents\Visual Studio 2015\Projects\SavingBob\AnimationExample\AnimationExample.vcxproj" on node 2 (Build target(s)).
     1>C:\Program Files (x86)\MSBuild\Microsoft.Cpp\v4.0\V140\Microsoft.CppBuild.targets(392,5): warning MSB8028: The intermediate directory (Release\) contains files shared from another project (AnimationExample.vcxproj).  This can lead to incorrect clean and rebuild behavior.
     1>ClCompile:
         C:\Program Files (x86)\Microsoft Visual Studio 14.0\VC\bin\CL.exe /c /Zi /nologo /W3 /WX- /sdl /O2 /Oi /Oy- /GL /D _MBCS /Gm- /EHsc /MD /GS /Gy /fp:precise /Zc:wchar_t /Zc:forScope /Zc:inline /Fo"Release\\" /Fd"Release\vc140.pdb" /Gd /TP /analyze- /errorReport:prompt AssetLibrary.cpp Globals.cpp Menu.cpp collision.cpp Enemy.cpp main.cpp Player.cpp
         AssetLibrary.cpp
     1>AssetLibrary.cpp(77): warning C4244: 'initializing': conversion from 'float' to 'unsigned int', possible loss of data
         Globals.cpp
         Menu.cpp
     1>c:\users\kevin.moore\documents\visual studio 2015\projects\savingbob\animationexample\Player.h(24): warning C4244: 'argument': conversion from 'time_t' to 'unsigned int', possible loss of data
         collision.cpp
         Enemy.cpp
     1>c:\users\kevin.moore\documents\visual studio 2015\projects\savingbob\animationexample\Player.h(24): warning C4244: 'argument': conversion from 'time_t' to 'unsigned int', possible loss of data
     1>c:\users\kevin.moore\documents\visual studio 2015\projects\savingbob\animationexample\GameState.h(42): warning C4018: '<': signed/unsigned mismatch
     1>c:\users\kevin.moore\documents\visual studio 2015\projects\savingbob\animationexample\GameState.h(56): warning C4018: '<': signed/unsigned mismatch
     1>c:\users\kevin.moore\documents\visual studio 2015\projects\savingbob\animationexample\GameState.h(71): warning C4018: '<': signed/unsigned mismatch
     1>c:\users\kevin.moore\documents\visual studio 2015\projects\savingbob\animationexample\GameState.h(106): warning C4018: '<': signed/unsigned mismatch
     1>c:\users\kevin.moore\documents\visual studio 2015\projects\savingbob\animationexample\GameState.h(115): warning C4018: '<': signed/unsigned mismatch
     1>c:\users\kevin.moore\documents\visual studio 2015\projects\savingbob\animationexample\GameState.h(131): warning C4018: '<': signed/unsigned mismatch
     1>c:\users\kevin.moore\documents\visual studio 2015\projects\savingbob\animationexample\GameState.h(137): warning C4018: '<': signed/unsigned mismatch
     1>c:\users\kevin.moore\documents\visual studio 2015\projects\savingbob\animationexample\GameState.h(171): warning C4018: '<': signed/unsigned mismatch
     1>c:\users\kevin.moore\documents\visual studio 2015\projects\savingbob\animationexample\GameState.h(176): warning C4018: '<': signed/unsigned mismatch
     1>c:\users\kevin.moore\documents\visual studio 2015\projects\savingbob\animationexample\GameState.h(196): warning C4018: '<': signed/unsigned mismatch
         main.cpp
     1>c:\users\kevin.moore\documents\visual studio 2015\projects\savingbob\animationexample\Player.h(24): warning C4244: 'argument': conversion from 'time_t' to 'unsigned int', possible loss of data
     1>c:\users\kevin.moore\documents\visual studio 2015\projects\savingbob\animationexample\GameState.h(42): warning C4018: '<': signed/unsigned mismatch
     1>c:\users\kevin.moore\documents\visual studio 2015\projects\savingbob\animationexample\GameState.h(56): warning C4018: '<': signed/unsigned mismatch
     1>c:\users\kevin.moore\documents\visual studio 2015\projects\savingbob\animationexample\GameState.h(71): warning C4018: '<': signed/unsigned mismatch
     1>c:\users\kevin.moore\documents\visual studio 2015\projects\savingbob\animationexample\GameState.h(106): warning C4018: '<': signed/unsigned mismatch
     1>c:\users\kevin.moore\documents\visual studio 2015\projects\savingbob\animationexample\GameState.h(115): warning C4018: '<': signed/unsigned mismatch
     1>c:\users\kevin.moore\documents\visual studio 2015\projects\savingbob\animationexample\GameState.h(131): warning C4018: '<': signed/unsigned mismatch
     1>c:\users\kevin.moore\documents\visual studio 2015\projects\savingbob\animationexample\GameState.h(137): warning C4018: '<': signed/unsigned mismatch
     1>c:\users\kevin.moore\documents\visual studio 2015\projects\savingbob\animationexample\GameState.h(171): warning C4018: '<': signed/unsigned mismatch
     1>c:\users\kevin.moore\documents\visual studio 2015\projects\savingbob\animationexample\GameState.h(176): warning C4018: '<': signed/unsigned mismatch
     1>c:\users\kevin.moore\documents\visual studio 2015\projects\savingbob\animationexample\GameState.h(196): warning C4018: '<': signed/unsigned mismatch
         Player.cpp
     1>c:\users\kevin.moore\documents\visual studio 2015\projects\savingbob\animationexample\Player.h(24): warning C4244: 'argument': conversion from 'time_t' to 'unsigned int', possible loss of data
     1>c:\users\kevin.moore\documents\visual studio 2015\projects\savingbob\animationexample\GameState.h(42): warning C4018: '<': signed/unsigned mismatch
     1>c:\users\kevin.moore\documents\visual studio 2015\projects\savingbob\animationexample\GameState.h(56): warning C4018: '<': signed/unsigned mismatch
     1>c:\users\kevin.moore\documents\visual studio 2015\projects\savingbob\animationexample\GameState.h(71): warning C4018: '<': signed/unsigned mismatch
     1>c:\users\kevin.moore\documents\visual studio 2015\projects\savingbob\animationexample\GameState.h(106): warning C4018: '<': signed/unsigned mismatch
     1>c:\users\kevin.moore\documents\visual studio 2015\projects\savingbob\animationexample\GameState.h(115): warning C4018: '<': signed/unsigned mismatch
     1>c:\users\kevin.moore\documents\visual studio 2015\projects\savingbob\animationexample\GameState.h(131): warning C4018: '<': signed/unsigned mismatch
     1>c:\users\kevin.moore\documents\visual studio 2015\projects\savingbob\animationexample\GameState.h(137): warning C4018: '<': signed/unsigned mismatch
     1>c:\users\kevin.moore\documents\visual studio 2015\projects\savingbob\animationexample\GameState.h(171): warning C4018: '<': signed/unsigned mismatch
     1>c:\users\kevin.moore\documents\visual studio 2015\projects\savingbob\animationexample\GameState.h(176): warning C4018: '<': signed/unsigned mismatch
     1>c:\users\kevin.moore\documents\visual studio 2015\projects\savingbob\animationexample\GameState.h(196): warning C4018: '<': signed/unsigned mismatch
     1>Player.cpp(10): warning C4244: 'initializing': conversion from 'int' to 'float', possible loss of data
       Link:
         C:\Program Files (x86)\Microsoft Visual Studio 14.0\VC\bin\link.exe /ERRORREPORT:PROMPT /OUT:"C:\Users\kevin.moore\Documents\Visual Studio 2015\Projects\SavingBob\Release\SavingBob.exe" /NOLOGO sfw.lib kernel32.lib user32.lib gdi32.lib winspool.lib comdlg32.lib advapi32.lib shell32.lib ole32.lib oleaut32.lib uuid.lib odbc32.lib odbccp32.lib /MANIFEST /MANIFESTUAC:"level='asInvoker' uiAccess='false'" /manifest:embed /Debug /PDB:"C:\Users\kevin.moore\Documents\Visual Studio 2015\Projects\SavingBob\Release\SavingBob.pdb" /OPT:REF /OPT:ICF /LTCG:incremental /TLBID:1 /DYNAMICBASE /NXCOMPAT /IMPLIB:"C:\Users\kevin.moore\Documents\Visual Studio 2015\Projects\SavingBob\Release\SavingBob.lib" /MACHINE:X86 /SAFESEH Release\AssetLibrary.obj
         Release\Globals.obj
         Release\Menu.obj
         Release\collision.obj
         Release\Enemy.obj
         Release\main.obj
         Release\Player.obj
         Generating code
         All 1807 functions were compiled because no usable IPDB/IOBJ from previous compilation was found.
         Finished generating code
     1>sfw.lib(sfwdraw.obj) : warning LNK4099: PDB 'nsfw2draw.pdb' was not found with 'sfw.lib(sfwdraw.obj)' or at 'C:\Users\kevin.moore\Documents\Visual Studio 2015\Projects\SavingBob\Release\nsfw2draw.pdb'; linking object as if no debug info
     1>sfw.lib(gl_core_4_4.obj) : warning LNK4099: PDB 'nsfw2draw.pdb' was not found with 'sfw.lib(gl_core_4_4.obj)' or at 'C:\Users\kevin.moore\Documents\Visual Studio 2015\Projects\SavingBob\Release\nsfw2draw.pdb'; linking object as if no debug info
     1>sfw.lib(crenderutils.obj) : warning LNK4099: PDB 'nsfw2draw.pdb' was not found with 'sfw.lib(crenderutils.obj)' or at 'C:\Users\kevin.moore\Documents\Visual Studio 2015\Projects\SavingBob\Release\nsfw2draw.pdb'; linking object as if no debug info
         AnimationExample.vcxproj -> C:\Users\kevin.moore\Documents\Visual Studio 2015\Projects\SavingBob\Release\SavingBob.exe
     1>Done Building Project "C:\Users\kevin.moore\Documents\Visual Studio 2015\Projects\SavingBob\AnimationExample\AnimationExample.vcxproj" (Build target(s)).

Build succeeded.

Time Elapsed 00:00:10.81
